2020-09-19 16:35:05,143 INFO o.s.b.StartupInfoLogger [org.secknight.secure_web_app.SecureWebAppApplication.main()] Starting SecureWebAppApplication on bluesmoke-X556UJ with PID 30289 (/home/bluesmoke/Desktop/secure_web_app/target/classes started by bluesmoke in /home/bluesmoke/Desktop/secure_web_app)
2020-09-19 16:35:05,190 INFO o.s.b.SpringApplication [org.secknight.secure_web_app.SecureWebAppApplication.main()] No active profile set, falling back to default profiles: default
2020-09-19 16:35:09,572 INFO o.s.d.r.c.RepositoryConfigurationDelegate [org.secknight.secure_web_app.SecureWebAppApplication.main()] Bootstrapping Spring Data JPA repositories in DEFERRED mode.
2020-09-19 16:35:09,670 INFO o.s.d.r.c.RepositoryConfigurationDelegate [org.secknight.secure_web_app.SecureWebAppApplication.main()] Finished Spring Data repository scanning in 87ms. Found 0 JPA repository interfaces.
2020-09-19 16:35:10,517 INFO o.s.c.s.PostProcessorRegistrationDelegate$BeanPostProcessorChecker [org.secknight.secure_web_app.SecureWebAppApplication.main()] Bean 'org.springframework.security.access.expression.method.DefaultMethodSecurityExpressionHandler@6ad89d51' of type [org.springframework.security.access.expression.method.DefaultMethodSecurityExpressionHandler] is not eligible for getting processed by all BeanPostProcessors (for example: not eligible for auto-proxying)
2020-09-19 16:35:10,581 INFO o.s.c.s.PostProcessorRegistrationDelegate$BeanPostProcessorChecker [org.secknight.secure_web_app.SecureWebAppApplication.main()] Bean 'methodSecurityMetadataSource' of type [org.springframework.security.access.method.DelegatingMethodSecurityMetadataSource] is not eligible for getting processed by all BeanPostProcessors (for example: not eligible for auto-proxying)
2020-09-19 16:35:11,696 INFO o.s.b.w.e.t.TomcatWebServer [org.secknight.secure_web_app.SecureWebAppApplication.main()] Tomcat initialized with port(s): 8443 (https)
2020-09-19 16:35:11,746 INFO o.a.j.l.DirectJDKLog [org.secknight.secure_web_app.SecureWebAppApplication.main()] Initializing ProtocolHandler ["https-jsse-nio-8443"]
2020-09-19 16:35:11,749 INFO o.a.j.l.DirectJDKLog [org.secknight.secure_web_app.SecureWebAppApplication.main()] Starting service [Tomcat]
2020-09-19 16:35:11,751 INFO o.a.j.l.DirectJDKLog [org.secknight.secure_web_app.SecureWebAppApplication.main()] Starting Servlet engine: [Apache Tomcat/9.0.37]
2020-09-19 16:35:12,136 INFO o.a.j.l.DirectJDKLog [org.secknight.secure_web_app.SecureWebAppApplication.main()] Initializing Spring embedded WebApplicationContext
2020-09-19 16:35:12,137 INFO o.s.b.w.s.c.ServletWebServerApplicationContext [org.secknight.secure_web_app.SecureWebAppApplication.main()] Root WebApplicationContext: initialization completed in 6755 ms
2020-09-19 16:35:12,217 WARN o.s.b.a.o.j.JpaBaseConfiguration$JpaWebConfiguration [org.secknight.secure_web_app.SecureWebAppApplication.main()] spring.jpa.open-in-view is enabled by default. Therefore, database queries may be performed during view rendering. Explicitly configure spring.jpa.open-in-view to disable this warning
2020-09-19 16:35:12,523 INFO o.s.s.c.ExecutorConfigurationSupport [org.secknight.secure_web_app.SecureWebAppApplication.main()] Initializing ExecutorService 'applicationTaskExecutor'
2020-09-19 16:35:12,789 INFO o.h.j.i.u.LogHelper [task-1] HHH000204: Processing PersistenceUnitInfo [name: default]
2020-09-19 16:35:13,379 INFO o.h.Version [task-1] HHH000412: Hibernate ORM core version 5.4.18.Final
2020-09-19 16:35:14,596 INFO o.s.s.w.DefaultSecurityFilterChain [org.secknight.secure_web_app.SecureWebAppApplication.main()] Creating filter chain: any request, [org.springframework.security.web.context.request.async.WebAsyncManagerIntegrationFilter@2869b34d, org.springframework.security.web.context.SecurityContextPersistenceFilter@6b65dde9, org.springframework.security.web.header.HeaderWriterFilter@6f35e8dd, org.springframework.security.web.csrf.CsrfFilter@4ba104cd, org.springframework.security.web.authentication.logout.LogoutFilter@3439ec0e, org.springframework.security.web.authentication.UsernamePasswordAuthenticationFilter@5c1bc7a5, org.springframework.security.web.session.ConcurrentSessionFilter@7dfcd34b, org.springframework.security.web.savedrequest.RequestCacheAwareFilter@6da03bbf, org.springframework.security.web.servletapi.SecurityContextHolderAwareRequestFilter@156d10a6, org.springframework.security.web.authentication.rememberme.RememberMeAuthenticationFilter@545b4875, org.springframework.security.web.authentication.AnonymousAuthenticationFilter@2d5d45ff, org.springframework.security.web.session.SessionManagementFilter@5bbb7ae9, org.springframework.security.web.access.ExceptionTranslationFilter@4552afff, org.springframework.security.web.access.intercept.FilterSecurityInterceptor@234a7027]
2020-09-19 16:35:14,631 INFO o.h.a.c.r.j.JavaReflectionManager [task-1] HCANN000001: Hibernate Commons Annotations {5.1.0.Final}
2020-09-19 16:35:15,223 INFO c.z.h.HikariDataSource [task-1] HikariPool-1 - Starting...
2020-09-19 16:35:15,267 INFO o.s.b.a.w.s.WelcomePageHandlerMapping [org.secknight.secure_web_app.SecureWebAppApplication.main()] Adding welcome page: class path resource [static/index.html]
2020-09-19 16:35:15,632 INFO c.z.h.HikariDataSource [task-1] HikariPool-1 - Start completed.
2020-09-19 16:35:15,788 INFO o.h.d.Dialect [task-1] HHH000400: Using dialect: org.secknight.secure_web_app.sqlite_config.SQLiteDialect
2020-09-19 16:35:16,249 INFO o.h.e.t.j.p.i.JtaPlatformInitiator [task-1] HHH000490: Using JtaPlatform implementation: [org.hibernate.engine.transaction.jta.platform.internal.NoJtaPlatform]
2020-09-19 16:35:16,309 INFO o.s.o.j.AbstractEntityManagerFactoryBean [task-1] Initialized JPA EntityManagerFactory for persistence unit 'default'
2020-09-19 16:35:16,460 INFO o.s.b.a.e.w.EndpointLinksResolver [org.secknight.secure_web_app.SecureWebAppApplication.main()] Exposing 0 endpoint(s) beneath base path '/actuator'
2020-09-19 16:35:16,514 INFO o.a.j.l.DirectJDKLog [org.secknight.secure_web_app.SecureWebAppApplication.main()] Starting ProtocolHandler ["https-jsse-nio-8443"]
2020-09-19 16:35:18,414 INFO o.s.b.w.e.t.TomcatWebServer [org.secknight.secure_web_app.SecureWebAppApplication.main()] Tomcat started on port(s): 8443 (https) with context path ''
2020-09-19 16:35:18,416 INFO o.s.d.r.c.DeferredRepositoryInitializationListener [org.secknight.secure_web_app.SecureWebAppApplication.main()] Triggering deferred initialization of Spring Data repositories…
2020-09-19 16:35:18,417 INFO o.s.d.r.c.DeferredRepositoryInitializationListener [org.secknight.secure_web_app.SecureWebAppApplication.main()] Spring Data repositories initialized!
2020-09-19 16:35:18,440 INFO o.s.b.StartupInfoLogger [org.secknight.secure_web_app.SecureWebAppApplication.main()] Started SecureWebAppApplication in 16.828 seconds (JVM running for 38.221)
2020-09-19 16:35:30,285 INFO o.a.j.l.DirectJDKLog [https-jsse-nio-8443-exec-5] Initializing Spring DispatcherServlet 'dispatcherServlet'
2020-09-19 16:35:30,285 INFO o.s.w.s.FrameworkServlet [https-jsse-nio-8443-exec-5] Initializing Servlet 'dispatcherServlet'
2020-09-19 16:35:30,298 INFO o.s.w.s.FrameworkServlet [https-jsse-nio-8443-exec-5] Completed initialization in 12 ms
2020-09-19 22:03:14,528 INFO o.s.o.j.AbstractEntityManagerFactoryBean [SpringContextShutdownHook] Closing JPA EntityManagerFactory for persistence unit 'default'
2020-09-19 22:03:14,538 INFO o.s.s.c.ExecutorConfigurationSupport [SpringContextShutdownHook] Shutting down ExecutorService 'applicationTaskExecutor'
2020-09-19 22:03:14,540 INFO c.z.h.HikariDataSource [SpringContextShutdownHook] HikariPool-1 - Shutdown initiated...
2020-09-19 22:03:14,545 INFO c.z.h.HikariDataSource [SpringContextShutdownHook] HikariPool-1 - Shutdown completed.
